#-----------------------------------------------------------
# Vivado v2018.3 (64-bit)
# SW Build 2405991 on Thu Dec  6 23:38:27 MST 2018
# IP Build 2404404 on Fri Dec  7 01:43:56 MST 2018
# Start of session at: Thu Sep  5 12:55:52 2024
# Process ID: 7388
# Current directory: C:/Users/NTH417/Lab01_22200034_KwakDohyun
# Command line: vivado.exe -gui_launcher_event rodinguilauncherevent4896 C:\Users\NTH417\Lab01_22200034_KwakDohyun\Lab01_22200034_KwakDohyun.xpr
# Log file: C:/Users/NTH417/Lab01_22200034_KwakDohyun/vivado.log
# Journal file: C:/Users/NTH417/Lab01_22200034_KwakDohyun\vivado.jou
#-----------------------------------------------------------
Sourcing tcl script 'C:/Xilinx/Vivado/2018.3/scripts/Vivado_init.tcl'
start_gui
open_project C:/Users/NTH417/Lab01_22200034_KwakDohyun/Lab01_22200034_KwakDohyun.xpr
Scanning sources...
Finished scanning sources
INFO: [IP_Flow 19-234] Refreshing IP repositories
INFO: [IP_Flow 19-1704] No user IP repositories specified
IINFO: [IP_Flow 19-2313] Loaded Vivado IP repository 'C:/Xilinx/Vivado/2018.3/data/ip'.open_project: Time (s): cpu = 00:00:09 ; elapsed = 00:00:17 . Memory (MB): peak = 746.699 ; gain = 112.297
uupdate_compile_order -fileset sources_1exit
INFO: [Common 17-206] Exiting Vivado at Thu Sep  5 14:20:59 2024...

