Copyright 1986-2020 Xilinx, Inc. All Rights Reserved.
--------------------------------------------------------------------------------------
| Tool Version : Vivado v.2020.2 (win64) Build 3064766 Wed Nov 18 09:12:45 MST 2020
| Date         : Sat Jan  4 14:03:19 2025
| Host         : DESKTOP-0S0F0DE running 64-bit major release  (build 9200)
| Command      : report_control_sets -verbose -file TopModule_control_sets_placed.rpt
| Design       : TopModule
| Device       : xc7a100t
--------------------------------------------------------------------------------------

Control Set Information

Table of Contents
-----------------
1. Summary
2. Histogram
3. Flip-Flop Distribution
4. Detailed Control Set Information

1. Summary
----------

+----------------------------------------------------------+-------+
|                          Status                          | Count |
+----------------------------------------------------------+-------+
| Total control sets                                       |     9 |
|    Minimum number of control sets                        |     9 |
|    Addition due to synthesis replication                 |     0 |
|    Addition due to physical synthesis replication        |     0 |
| Unused register locations in slices containing registers |    36 |
+----------------------------------------------------------+-------+
* Control sets can be merged at opt_design using control_set_merge or merge_equivalent_drivers
** Run report_qor_suggestions for automated merging and remapping suggestions


2. Histogram
------------

+--------------------+-------+
|       Fanout       | Count |
+--------------------+-------+
| Total control sets |     9 |
| >= 0 to < 4        |     0 |
| >= 4 to < 6        |     9 |
| >= 6 to < 8        |     0 |
| >= 8 to < 10       |     0 |
| >= 10 to < 12      |     0 |
| >= 12 to < 14      |     0 |
| >= 14 to < 16      |     0 |
| >= 16              |     0 |
+--------------------+-------+
* Control sets can be remapped at either synth_design or opt_design


3. Flip-Flop Distribution
-------------------------

+--------------+-----------------------+------------------------+-----------------+--------------+
| Clock Enable | Synchronous Set/Reset | Asynchronous Set/Reset | Total Registers | Total Slices |
+--------------+-----------------------+------------------------+-----------------+--------------+
| No           | No                    | No                     |               0 |            0 |
| No           | No                    | Yes                    |               0 |            0 |
| No           | Yes                   | No                     |               4 |            1 |
| Yes          | No                    | No                     |               0 |            0 |
| Yes          | No                    | Yes                    |               0 |            0 |
| Yes          | Yes                   | No                     |              32 |            9 |
+--------------+-----------------------+------------------------+-----------------+--------------+


4. Detailed Control Set Information
-----------------------------------

+----------------+----------------------+------------------+------------------+----------------+--------------+
|  Clock Signal  |     Enable Signal    | Set/Reset Signal | Slice Load Count | Bel Load Count | Bels / Slice |
+----------------+----------------------+------------------+------------------+----------------+--------------+
|  clk_IBUF_BUFG |                      | reset_IBUF       |                1 |              4 |         4.00 |
|  clk_IBUF_BUFG | div/u0/E[0]          | reset_IBUF       |                1 |              4 |         4.00 |
|  clk_IBUF_BUFG | div/u1/E[0]          | reset_IBUF       |                1 |              4 |         4.00 |
|  clk_IBUF_BUFG | div/u2/Q_reg[1]_0[0] | reset_IBUF       |                1 |              4 |         4.00 |
|  clk_IBUF_BUFG | div/u3/tc4           | reset_IBUF       |                1 |              4 |         4.00 |
|  clk_IBUF_BUFG | div/u2/E[0]          | reset_IBUF       |                1 |              4 |         4.00 |
|  clk_IBUF_BUFG | div/u5/E[0]          | reset_IBUF       |                1 |              4 |         4.00 |
|  clk_IBUF_BUFG | div/u6/E[0]          | reset_IBUF       |                1 |              4 |         4.00 |
|  clk_IBUF_BUFG | div/u7/E[0]          | reset_IBUF       |                2 |              4 |         2.00 |
+----------------+----------------------+------------------+------------------+----------------+--------------+


